<?xml version="1.0" encoding="UTF-8"?>
<!-- Generated by org.testng.reporters.JUnitReportReporter -->
<testsuite hostname="Saurabh" failures="0" tests="1" name="practice.testing" time="0.003" errors="0" timestamp="2023-07-20T19:03:45 IST" skipped="0">
  <testcase classname="practice.testing" name="classA" time="0.003"/>
</testsuite> <!-- practice.testing -->
