<?xml version="1.0" encoding="UTF-8"?>
<!-- Generated by org.testng.reporters.JUnitReportReporter -->
<testsuite hostname="Saurabh" failures="0" tests="3" name="test.LoginTest" time="9.866" errors="0" timestamp="2023-08-07T15:44:13 IST" skipped="0">
  <testcase classname="test.LoginTest" name="InvalidData" time="4.628"/>
  <testcase classname="test.LoginTest" name="validData" time="2.783"/>
  <testcase classname="test.LoginTest" name="InvalidPass" time="2.455"/>
</testsuite> <!-- test.LoginTest -->
